Transaction Digest: 8ad6jLSPNF9FZpQ4S9HxFYb8ycY19CvK4j4E7mgEzFQY
╭──────────────────────────────────────────────────────────────────────────────────────────────────────────────╮
│ Transaction Data                                                                                             │
├──────────────────────────────────────────────────────────────────────────────────────────────────────────────┤
│ Sender: 0x42a27bbee48b8c97b05540e823e118fe6629bd5d83caf19ef8e9051bf3addf9e                                   │
│ Gas Owner: 0x42a27bbee48b8c97b05540e823e118fe6629bd5d83caf19ef8e9051bf3addf9e                                │
│ Gas Budget: 99827200 MIST                                                                                    │
│ Gas Price: 1000 MIST                                                                                         │
│ Gas Payment:                                                                                                 │
│  ┌──                                                                                                         │
│  │ ID: 0x1f52017aceeb6e5f16a509f2a52ef26cfb4aa097fcef9a3cead6df81d82fcfa2                                    │
│  │ Version: 4696439                                                                                          │
│  │ Digest: 2uRigASwj6FCZbjudofCJm3U6TUfHfb18495KuBbQPEo                                                      │
│  └──                                                                                                         │
│                                                                                                              │
│ Transaction Kind: Programmable                                                                               │
│ ╭──────────────────────────────────────────────────────────────────────────────────────────────────────────╮ │
│ │ Input Objects                                                                                            │ │
│ ├──────────────────────────────────────────────────────────────────────────────────────────────────────────┤ │
│ │ 0   Pure Arg: Type: address, Value: "0x42a27bbee48b8c97b05540e823e118fe6629bd5d83caf19ef8e9051bf3addf9e" │ │
│ ╰──────────────────────────────────────────────────────────────────────────────────────────────────────────╯ │
│ ╭─────────────────────────────────────────────────────────────────────────╮                                  │
│ │ Commands                                                                │                                  │
│ ├─────────────────────────────────────────────────────────────────────────┤                                  │
│ │ 0  Publish:                                                             │                                  │
│ │  ┌                                                                      │                                  │
│ │  │ Dependencies:                                                        │                                  │
│ │  │   0x0000000000000000000000000000000000000000000000000000000000000001 │                                  │
│ │  │   0x0000000000000000000000000000000000000000000000000000000000000002 │                                  │
│ │  │   0x0000000000000000000000000000000000000000000000000000000000000003 │                                  │
│ │  └                                                                      │                                  │
│ │                                                                         │                                  │
│ │ 1  TransferObjects:                                                     │                                  │
│ │  ┌                                                                      │                                  │
│ │  │ Arguments:                                                           │                                  │
│ │  │   Result 0                                                           │                                  │
│ │  │ Address: Input  0                                                    │                                  │
│ │  └                                                                      │                                  │
│ ╰─────────────────────────────────────────────────────────────────────────╯                                  │
│                                                                                                              │
│ Signatures:                                                                                                  │
│    lUJeG5b75Nt4YGqgSX1i2irqBjRmpq8j7Wr6XlDF11LKD2YhI1pBCHo39OOA0tb4vERl4lr/2FaUEaAE1rowBw==                  │
│                                                                                                              │
╰──────────────────────────────────────────────────────────────────────────────────────────────────────────────╯
╭───────────────────────────────────────────────────────────────────────────────────────────────────╮
│ Transaction Effects                                                                               │
├───────────────────────────────────────────────────────────────────────────────────────────────────┤
│ Digest: 8ad6jLSPNF9FZpQ4S9HxFYb8ycY19CvK4j4E7mgEzFQY                                              │
│ Status: Success                                                                                   │
│ Executed Epoch: 110                                                                               │
│                                                                                                   │
│ Created Objects:                                                                                  │
│  ┌──                                                                                              │
│  │ ID: 0x3c8cc4a90cff805adf33b0d30a5eff1bdc91d937330be14d39e8cb278864559e                         │
│  │ Owner: Account Address ( 0x42a27bbee48b8c97b05540e823e118fe6629bd5d83caf19ef8e9051bf3addf9e )  │
│  │ Version: 4696440                                                                               │
│  │ Digest: 7tyq4LhC9PJfDjk7NU5kjUYJKbofZawhWkKiC2sNVdK3                                           │
│  └──                                                                                              │
│  ┌──                                                                                              │
│  │ ID: 0x4a8a3c9a58df3925148396640f3341193c9d46780345e01f612c0e39637a28a8                         │
│  │ Owner: Shared( 4696440 )                                                                       │
│  │ Version: 4696440                                                                               │
│  │ Digest: D7J8jLbwao9hhdQaCr6edvESqbH12L3dTVNPJD1oKSNs                                           │
│  └──                                                                                              │
│  ┌──                                                                                              │
│  │ ID: 0x55bb0baf5ab61a92ade583c784ae1a4663ea485d08574729b34402dc4fe85882                         │
│  │ Owner: Immutable                                                                               │
│  │ Version: 1                                                                                     │
│  │ Digest: 6XV7hDHC1HdTKBq7ATnPyVXcTdCEi1QrW67boSAH2LW2                                           │
│  └──                                                                                              │
│  ┌──                                                                                              │
│  │ ID: 0x5afcff57958d294e7340ab63443a4fb62f4cd707d4f025874b30309afa08a087                         │
│  │ Owner: Account Address ( 0x42a27bbee48b8c97b05540e823e118fe6629bd5d83caf19ef8e9051bf3addf9e )  │
│  │ Version: 4696440                                                                               │
│  │ Digest: gzPKuMvqHpFVpQ46jTbdNcY9oufdtTTP9qxEzLZPagu                                            │
│  └──                                                                                              │
│  ┌──                                                                                              │
│  │ ID: 0x8f893ed929a0d25875f39ce7b62d1735c2b3d8117f13755a6e42d87764dcd10c                         │
│  │ Owner: Account Address ( 0x42a27bbee48b8c97b05540e823e118fe6629bd5d83caf19ef8e9051bf3addf9e )  │
│  │ Version: 4696440                                                                               │
│  │ Digest: 7r1TCkXDpmyF1TMDPwHQED8Hu42jo8irN2tBAa6jdwLx                                           │
│  └──                                                                                              │
│  ┌──                                                                                              │
│  │ ID: 0xccc05e1ad6436afdc742fc3e0af8abd889063812c4dfc8c4d59b73d01f3be06e                         │
│  │ Owner: Shared( 4696440 )                                                                       │
│  │ Version: 4696440                                                                               │
│  │ Digest: 8fm2J4449tWMBd58d5HbFims5rGcMAX15AV4EfkCgMoG                                           │
│  └──                                                                                              │
│ Mutated Objects:                                                                                  │
│  ┌──                                                                                              │
│  │ ID: 0x1f52017aceeb6e5f16a509f2a52ef26cfb4aa097fcef9a3cead6df81d82fcfa2                         │
│  │ Owner: Account Address ( 0x42a27bbee48b8c97b05540e823e118fe6629bd5d83caf19ef8e9051bf3addf9e )  │
│  │ Version: 4696440                                                                               │
│  │ Digest: kkGQQzxkE2BhspFdUJzBBbcJRZwqv9monwC4SaacqiY                                            │
│  └──                                                                                              │
│ Gas Object:                                                                                       │
│  ┌──                                                                                              │
│  │ ID: 0x1f52017aceeb6e5f16a509f2a52ef26cfb4aa097fcef9a3cead6df81d82fcfa2                         │
│  │ Owner: Account Address ( 0x42a27bbee48b8c97b05540e823e118fe6629bd5d83caf19ef8e9051bf3addf9e )  │
│  │ Version: 4696440                                                                               │
│  │ Digest: kkGQQzxkE2BhspFdUJzBBbcJRZwqv9monwC4SaacqiY                                            │
│  └──                                                                                              │
│ Gas Cost Summary:                                                                                 │
│    Storage Cost: 97827200 MIST                                                                    │
│    Computation Cost: 1000000 MIST                                                                 │
│    Storage Rebate: 978120 MIST                                                                    │
│    Non-refundable Storage Fee: 9880 MIST                                                          │
│                                                                                                   │
│ Transaction Dependencies:                                                                         │
│    4Vrzn65sdkNy8XkmH9jZy1SL4rPVtKqZvcT8vW8CtKAv                                                   │
│    FJ4seFsznXzr8cyNndXoBqMvvj7sYmEVQ2o423RsEeT7                                                   │
╰───────────────────────────────────────────────────────────────────────────────────────────────────╯
╭─────────────────────────────╮
│ No transaction block events │
╰─────────────────────────────╯

╭─────────────────────────────────────────────────────────────────────────────────────────────────────────────────╮
│ Object Changes                                                                                                  │
├─────────────────────────────────────────────────────────────────────────────────────────────────────────────────┤
│ Created Objects:                                                                                                │
│  ┌──                                                                                                            │
│  │ ObjectID: 0x3c8cc4a90cff805adf33b0d30a5eff1bdc91d937330be14d39e8cb278864559e                                 │
│  │ Sender: 0x42a27bbee48b8c97b05540e823e118fe6629bd5d83caf19ef8e9051bf3addf9e                                   │
│  │ Owner: Account Address ( 0x42a27bbee48b8c97b05540e823e118fe6629bd5d83caf19ef8e9051bf3addf9e )                │
│  │ ObjectType: 0x55bb0baf5ab61a92ade583c784ae1a4663ea485d08574729b34402dc4fe85882::deposit_bonus::OperatorCap   │
│  │ Version: 4696440                                                                                             │
│  │ Digest: 7tyq4LhC9PJfDjk7NU5kjUYJKbofZawhWkKiC2sNVdK3                                                         │
│  └──                                                                                                            │
│  ┌──                                                                                                            │
│  │ ObjectID: 0x4a8a3c9a58df3925148396640f3341193c9d46780345e01f612c0e39637a28a8                                 │
│  │ Sender: 0x42a27bbee48b8c97b05540e823e118fe6629bd5d83caf19ef8e9051bf3addf9e                                   │
│  │ Owner: Shared( 4696440 )                                                                                     │
│  │ ObjectType: 0x55bb0baf5ab61a92ade583c784ae1a4663ea485d08574729b34402dc4fe85882::deposit_bonus::BonusHistory  │
│  │ Version: 4696440                                                                                             │
│  │ Digest: D7J8jLbwao9hhdQaCr6edvESqbH12L3dTVNPJD1oKSNs                                                         │
│  └──                                                                                                            │
│  ┌──                                                                                                            │
│  │ ObjectID: 0x5afcff57958d294e7340ab63443a4fb62f4cd707d4f025874b30309afa08a087                                 │
│  │ Sender: 0x42a27bbee48b8c97b05540e823e118fe6629bd5d83caf19ef8e9051bf3addf9e                                   │
│  │ Owner: Account Address ( 0x42a27bbee48b8c97b05540e823e118fe6629bd5d83caf19ef8e9051bf3addf9e )                │
│  │ ObjectType: 0x2::package::UpgradeCap                                                                         │
│  │ Version: 4696440                                                                                             │
│  │ Digest: gzPKuMvqHpFVpQ46jTbdNcY9oufdtTTP9qxEzLZPagu                                                          │
│  └──                                                                                                            │
│  ┌──                                                                                                            │
│  │ ObjectID: 0x8f893ed929a0d25875f39ce7b62d1735c2b3d8117f13755a6e42d87764dcd10c                                 │
│  │ Sender: 0x42a27bbee48b8c97b05540e823e118fe6629bd5d83caf19ef8e9051bf3addf9e                                   │
│  │ Owner: Account Address ( 0x42a27bbee48b8c97b05540e823e118fe6629bd5d83caf19ef8e9051bf3addf9e )                │
│  │ ObjectType: 0x55bb0baf5ab61a92ade583c784ae1a4663ea485d08574729b34402dc4fe85882::deposit_bonus::AdminCap      │
│  │ Version: 4696440                                                                                             │
│  │ Digest: 7r1TCkXDpmyF1TMDPwHQED8Hu42jo8irN2tBAa6jdwLx                                                         │
│  └──                                                                                                            │
│  ┌──                                                                                                            │
│  │ ObjectID: 0xccc05e1ad6436afdc742fc3e0af8abd889063812c4dfc8c4d59b73d01f3be06e                                 │
│  │ Sender: 0x42a27bbee48b8c97b05540e823e118fe6629bd5d83caf19ef8e9051bf3addf9e                                   │
│  │ Owner: Shared( 4696440 )                                                                                     │
│  │ ObjectType: 0x55bb0baf5ab61a92ade583c784ae1a4663ea485d08574729b34402dc4fe85882::deposit_bonus::Storage       │
│  │ Version: 4696440                                                                                             │
│  │ Digest: 8fm2J4449tWMBd58d5HbFims5rGcMAX15AV4EfkCgMoG                                                         │
│  └──                                                                                                            │
│ Mutated Objects:                                                                                                │
│  ┌──                                                                                                            │
│  │ ObjectID: 0x1f52017aceeb6e5f16a509f2a52ef26cfb4aa097fcef9a3cead6df81d82fcfa2                                 │
│  │ Sender: 0x42a27bbee48b8c97b05540e823e118fe6629bd5d83caf19ef8e9051bf3addf9e                                   │
│  │ Owner: Account Address ( 0x42a27bbee48b8c97b05540e823e118fe6629bd5d83caf19ef8e9051bf3addf9e )                │
│  │ ObjectType: 0x2::coin::Coin<0x2::sui::SUI>                                                                   │
│  │ Version: 4696440                                                                                             │
│  │ Digest: kkGQQzxkE2BhspFdUJzBBbcJRZwqv9monwC4SaacqiY                                                          │
│  └──                                                                                                            │
│ Published Objects:                                                                                              │
│  ┌──                                                                                                            │
│  │ PackageID: 0x55bb0baf5ab61a92ade583c784ae1a4663ea485d08574729b34402dc4fe85882                                │
│  │ Version: 1                                                                                                   │
│  │ Digest: 6XV7hDHC1HdTKBq7ATnPyVXcTdCEi1QrW67boSAH2LW2                                                         │
│  │ Modules: bonus, deposit_bonus, err_consts, range, user_list, utils                                           │
│  └──                                                                                                            │
╰─────────────────────────────────────────────────────────────────────────────────────────────────────────────────╯
╭───────────────────────────────────────────────────────────────────────────────────────────────────╮
│ Balance Changes                                                                                   │
├───────────────────────────────────────────────────────────────────────────────────────────────────┤
│  ┌──                                                                                              │
│  │ Owner: Account Address ( 0x42a27bbee48b8c97b05540e823e118fe6629bd5d83caf19ef8e9051bf3addf9e )  │
│  │ CoinType: 0x2::sui::SUI                                                                        │
│  │ Amount: -97849080                                                                              │
│  └──                                                                                              │
╰───────────────────────────────────────────────────────────────────────────────────────────────────╯
