[Note]: Dependency sources are no longer verified automatically during publication and upgrade. You can pass the `--verify-deps` option if you would like to verify them as part of publication or upgrade.
[note] Dependencies on Bridge, MoveStdlib, Sui, and SuiSystem are automatically added, but this feature is disabled for your package because you have explicitly included dependencies on Sui. Consider removing these dependencies from Move.toml.
UPDATING GIT DEPENDENCY https://github.com/MystenLabs/sui.git
INCLUDING DEPENDENCY hashcat_fund
INCLUDING DEPENDENCY hashcat_coin
INCLUDING DEPENDENCY Sui
INCLUDING DEPENDENCY MoveStdlib
BUILDING hashcat_bond
[0m[1m[38;5;11mwarning[W09001][0m[1m: unused alias[0m
  [0m[34m┌─[0m /Users/arui/Web3Projects/HashCAT/contracts/bond/sources/bond.move:4:24
  [0m[34m│[0m
[0m[34m4[0m [0m[34m│[0m     use sui::balance::{[0m[33mSelf[0m, Balance};
  [0m[34m│[0m                        [0m[33m^^^^[0m [0m[33mUnused 'use' of alias 'balance'. Consider removing it[0m
  [0m[34m│[0m
  [0m[34m=[0m This warning can be suppressed with '#[allow(unused_use)]' applied to the 'module' or module member ('const', 'fun', or 'struct')

[0m[1m[38;5;11mwarning[W09001][0m[1m: unused alias[0m
  [0m[34m┌─[0m /Users/arui/Web3Projects/HashCAT/contracts/bond/sources/bond.move:4:30
  [0m[34m│[0m
[0m[34m4[0m [0m[34m│[0m     use sui::balance::{Self, [0m[33mBalance[0m};
  [0m[34m│[0m                              [0m[33m^^^^^^^[0m [0m[33mUnused 'use' of alias 'Balance'. Consider removing it[0m
  [0m[34m│[0m
  [0m[34m=[0m This warning can be suppressed with '#[allow(unused_use)]' applied to the 'module' or module member ('const', 'fun', or 'struct')

[0m[1m[38;5;11mwarning[W09001][0m[1m: unused alias[0m
  [0m[34m┌─[0m /Users/arui/Web3Projects/HashCAT/contracts/bond/sources/bond.move:8:14
  [0m[34m│[0m
[0m[34m8[0m [0m[34m│[0m     use sui::[0m[33mmath[0m;
  [0m[34m│[0m              [0m[33m^^^^[0m [0m[33mUnused 'use' of alias 'math'. Consider removing it[0m
  [0m[34m│[0m
  [0m[34m=[0m This warning can be suppressed with '#[allow(unused_use)]' applied to the 'module' or module member ('const', 'fun', or 'struct')

[0m[1m[38;5;11mwarning[W09001][0m[1m: unused alias[0m
   [0m[34m┌─[0m /Users/arui/Web3Projects/HashCAT/contracts/bond/sources/bond.move:12:34
   [0m[34m│[0m
[0m[34m12[0m [0m[34m│[0m     use hashcat_coin::test_btc::{[0m[33mSelf[0m, TEST_BTC};
   [0m[34m│[0m                                  [0m[33m^^^^[0m [0m[33mUnused 'use' of alias 'test_btc'. Consider removing it[0m
   [0m[34m│[0m
   [0m[34m=[0m This warning can be suppressed with '#[allow(unused_use)]' applied to the 'module' or module member ('const', 'fun', or 'struct')

Skipping dependency verification
Transaction Digest: C7wfZ6N6qo4YUKLHSGPoLDFEvNguebZkGsT9tRjnW2Fd
╭──────────────────────────────────────────────────────────────────────────────────────────────────────────────╮
│ Transaction Data                                                                                             │
├──────────────────────────────────────────────────────────────────────────────────────────────────────────────┤
│ Sender: 0x7d87c83c2f71bb9388262c06f0eec7b57ee651bf1892a7a6fd6f1b1b931ac7fc                                   │
│ Gas Owner: 0x7d87c83c2f71bb9388262c06f0eec7b57ee651bf1892a7a6fd6f1b1b931ac7fc                                │
│ Gas Budget: 200000000 MIST                                                                                   │
│ Gas Price: 1000 MIST                                                                                         │
│ Gas Payment:                                                                                                 │
│  ┌──                                                                                                         │
│  │ ID: 0x30c11948e0eba99529c37e42d309064836bce76fa819e826b7d4532288d90707                                    │
│  │ Version: 403250314                                                                                        │
│  │ Digest: 3A7pXwNQPH2w7LwAMDJKbnChCRHNMjShY766vZXF6y9X                                                      │
│  └──                                                                                                         │
│                                                                                                              │
│ Transaction Kind: Programmable                                                                               │
│ ╭──────────────────────────────────────────────────────────────────────────────────────────────────────────╮ │
│ │ Input Objects                                                                                            │ │
│ ├──────────────────────────────────────────────────────────────────────────────────────────────────────────┤ │
│ │ 0   Pure Arg: Type: address, Value: "0x7d87c83c2f71bb9388262c06f0eec7b57ee651bf1892a7a6fd6f1b1b931ac7fc" │ │
│ ╰──────────────────────────────────────────────────────────────────────────────────────────────────────────╯ │
│ ╭─────────────────────────────────────────────────────────────────────────╮                                  │
│ │ Commands                                                                │                                  │
│ ├─────────────────────────────────────────────────────────────────────────┤                                  │
│ │ 0  Publish:                                                             │                                  │
│ │  ┌                                                                      │                                  │
│ │  │ Dependencies:                                                        │                                  │
│ │  │   0x0000000000000000000000000000000000000000000000000000000000000001 │                                  │
│ │  │   0x0000000000000000000000000000000000000000000000000000000000000002 │                                  │
│ │  │   0xcbc842eb9ab052ca43a54d8576ba0b5225f761312a2ef0b828720e46b366b08c │                                  │
│ │  │   0x235382bd33248e918e9ad6a5f172c82d8efffda780512426493e6e4ea6fe71b5 │                                  │
│ │  └                                                                      │                                  │
│ │                                                                         │                                  │
│ │ 1  TransferObjects:                                                     │                                  │
│ │  ┌                                                                      │                                  │
│ │  │ Arguments:                                                           │                                  │
│ │  │   Result 0                                                           │                                  │
│ │  │ Address: Input  0                                                    │                                  │
│ │  └                                                                      │                                  │
│ ╰─────────────────────────────────────────────────────────────────────────╯                                  │
│                                                                                                              │
│ Signatures:                                                                                                  │
│    ufPLp51for8lApPNoZ83GzY9oYPa0WKbBKyKobpn0luWV9//DlO2/SxYkk2S2b+d4/ysiuVtKcs+T10pgtgOCg==                  │
│                                                                                                              │
╰──────────────────────────────────────────────────────────────────────────────────────────────────────────────╯
╭───────────────────────────────────────────────────────────────────────────────────────────────────╮
│ Transaction Effects                                                                               │
├───────────────────────────────────────────────────────────────────────────────────────────────────┤
│ Digest: C7wfZ6N6qo4YUKLHSGPoLDFEvNguebZkGsT9tRjnW2Fd                                              │
│ Status: Success                                                                                   │
│ Executed Epoch: 716                                                                               │
│                                                                                                   │
│ Created Objects:                                                                                  │
│  ┌──                                                                                              │
│  │ ID: 0x5b7af60d595060e41e13b2475e68573fda311a5dc2b886dec1dea62e93292ffa                         │
│  │ Owner: Immutable                                                                               │
│  │ Version: 1                                                                                     │
│  │ Digest: A93teFsJ7fcoBo7t8BvgwChF7VPimBHSL2oGM6pCtiy                                            │
│  └──                                                                                              │
│  ┌──                                                                                              │
│  │ ID: 0x5c29d1bbffc2c13e20f63210e5728122c6d295a4163c20c9ba43608e05341147                         │
│  │ Owner: Shared( 403250315 )                                                                     │
│  │ Version: 403250315                                                                             │
│  │ Digest: AUFMXK4mGy6xCVo6sMUdDgQDs2MR5VPuBA6QEiE9bq7A                                           │
│  └──                                                                                              │
│  ┌──                                                                                              │
│  │ ID: 0xbeb3737ad52641eecf06ea7d6301b72dde2fd101035b409653a7a8352972afb5                         │
│  │ Owner: Account Address ( 0x7d87c83c2f71bb9388262c06f0eec7b57ee651bf1892a7a6fd6f1b1b931ac7fc )  │
│  │ Version: 403250315                                                                             │
│  │ Digest: F8HxqXpJnmDcmTEJWo9aG9aZDF8LKswUsiAkA39KBRfk                                           │
│  └──                                                                                              │
│ Mutated Objects:                                                                                  │
│  ┌──                                                                                              │
│  │ ID: 0x30c11948e0eba99529c37e42d309064836bce76fa819e826b7d4532288d90707                         │
│  │ Owner: Account Address ( 0x7d87c83c2f71bb9388262c06f0eec7b57ee651bf1892a7a6fd6f1b1b931ac7fc )  │
│  │ Version: 403250315                                                                             │
│  │ Digest: 9ZqMYh8cA44j77chNvmp8679q6Ui6yq1DqgoV97nQ2Sd                                           │
│  └──                                                                                              │
│ Gas Object:                                                                                       │
│  ┌──                                                                                              │
│  │ ID: 0x30c11948e0eba99529c37e42d309064836bce76fa819e826b7d4532288d90707                         │
│  │ Owner: Account Address ( 0x7d87c83c2f71bb9388262c06f0eec7b57ee651bf1892a7a6fd6f1b1b931ac7fc )  │
│  │ Version: 403250315                                                                             │
│  │ Digest: 9ZqMYh8cA44j77chNvmp8679q6Ui6yq1DqgoV97nQ2Sd                                           │
│  └──                                                                                              │
│ Gas Cost Summary:                                                                                 │
│    Storage Cost: 25619600 MIST                                                                    │
│    Computation Cost: 1000000 MIST                                                                 │
│    Storage Rebate: 978120 MIST                                                                    │
│    Non-refundable Storage Fee: 9880 MIST                                                          │
│                                                                                                   │
│ Transaction Dependencies:                                                                         │
│    2KKFDYfXCwBWaS1e3i4gLnjW1DsQoWqYQMb4SVBZFQR2                                                   │
│    776WLVrHp9cpcVnhRgYGkLPGq1FoeL2ZXiefy5m8qFnL                                                   │
│    CA51ZWcexQN5ozW5mhzKA5DLqh8Yaz3Hr9YwCA6Tpn7R                                                   │
│    H49MJnfqfeuWeyWqBsVX2avxGVm1WX6RfKZmsTw2a7EU                                                   │
╰───────────────────────────────────────────────────────────────────────────────────────────────────╯
╭─────────────────────────────╮
│ No transaction block events │
╰─────────────────────────────╯

╭────────────────────────────────────────────────────────────────────────────────────────────────────────╮
│ Object Changes                                                                                         │
├────────────────────────────────────────────────────────────────────────────────────────────────────────┤
│ Created Objects:                                                                                       │
│  ┌──                                                                                                   │
│  │ ObjectID: 0x5c29d1bbffc2c13e20f63210e5728122c6d295a4163c20c9ba43608e05341147                        │
│  │ Sender: 0x7d87c83c2f71bb9388262c06f0eec7b57ee651bf1892a7a6fd6f1b1b931ac7fc                          │
│  │ Owner: Shared( 403250315 )                                                                          │
│  │ ObjectType: 0x5b7af60d595060e41e13b2475e68573fda311a5dc2b886dec1dea62e93292ffa::bond_pkg::BondPool  │
│  │ Version: 403250315                                                                                  │
│  │ Digest: AUFMXK4mGy6xCVo6sMUdDgQDs2MR5VPuBA6QEiE9bq7A                                                │
│  └──                                                                                                   │
│  ┌──                                                                                                   │
│  │ ObjectID: 0xbeb3737ad52641eecf06ea7d6301b72dde2fd101035b409653a7a8352972afb5                        │
│  │ Sender: 0x7d87c83c2f71bb9388262c06f0eec7b57ee651bf1892a7a6fd6f1b1b931ac7fc                          │
│  │ Owner: Account Address ( 0x7d87c83c2f71bb9388262c06f0eec7b57ee651bf1892a7a6fd6f1b1b931ac7fc )       │
│  │ ObjectType: 0x2::package::UpgradeCap                                                                │
│  │ Version: 403250315                                                                                  │
│  │ Digest: F8HxqXpJnmDcmTEJWo9aG9aZDF8LKswUsiAkA39KBRfk                                                │
│  └──                                                                                                   │
│ Mutated Objects:                                                                                       │
│  ┌──                                                                                                   │
│  │ ObjectID: 0x30c11948e0eba99529c37e42d309064836bce76fa819e826b7d4532288d90707                        │
│  │ Sender: 0x7d87c83c2f71bb9388262c06f0eec7b57ee651bf1892a7a6fd6f1b1b931ac7fc                          │
│  │ Owner: Account Address ( 0x7d87c83c2f71bb9388262c06f0eec7b57ee651bf1892a7a6fd6f1b1b931ac7fc )       │
│  │ ObjectType: 0x2::coin::Coin<0x2::sui::SUI>                                                          │
│  │ Version: 403250315                                                                                  │
│  │ Digest: 9ZqMYh8cA44j77chNvmp8679q6Ui6yq1DqgoV97nQ2Sd                                                │
│  └──                                                                                                   │
│ Published Objects:                                                                                     │
│  ┌──                                                                                                   │
│  │ PackageID: 0x5b7af60d595060e41e13b2475e68573fda311a5dc2b886dec1dea62e93292ffa                       │
│  │ Version: 1                                                                                          │
│  │ Digest: A93teFsJ7fcoBo7t8BvgwChF7VPimBHSL2oGM6pCtiy                                                 │
│  │ Modules: bond_pkg                                                                                   │
│  └──                                                                                                   │
╰────────────────────────────────────────────────────────────────────────────────────────────────────────╯
╭───────────────────────────────────────────────────────────────────────────────────────────────────╮
│ Balance Changes                                                                                   │
├───────────────────────────────────────────────────────────────────────────────────────────────────┤
│  ┌──                                                                                              │
│  │ Owner: Account Address ( 0x7d87c83c2f71bb9388262c06f0eec7b57ee651bf1892a7a6fd6f1b1b931ac7fc )  │
│  │ CoinType: 0x2::sui::SUI                                                                        │
│  │ Amount: -25641480                                                                              │
│  └──                                                                                              │
╰───────────────────────────────────────────────────────────────────────────────────────────────────╯
