[Note]: Dependency sources are no longer verified automatically during publication and upgrade. You can pass the `--verify-deps` option if you would like to verify them as part of publication or upgrade.
[note] Dependencies on Bridge, MoveStdlib, Sui, and SuiSystem are automatically added, but this feature is disabled for your package because you have explicitly included dependencies on Sui. Consider removing these dependencies from Move.toml.
UPDATING GIT DEPENDENCY https://github.com/MystenLabs/sui.git
INCLUDING DEPENDENCY Sui
INCLUDING DEPENDENCY MoveStdlib
BUILDING hashcat_coin
Skipping dependency verification
Transaction Digest: 776WLVrHp9cpcVnhRgYGkLPGq1FoeL2ZXiefy5m8qFnL
╭──────────────────────────────────────────────────────────────────────────────────────────────────────────────╮
│ Transaction Data                                                                                             │
├──────────────────────────────────────────────────────────────────────────────────────────────────────────────┤
│ Sender: 0x7d87c83c2f71bb9388262c06f0eec7b57ee651bf1892a7a6fd6f1b1b931ac7fc                                   │
│ Gas Owner: 0x7d87c83c2f71bb9388262c06f0eec7b57ee651bf1892a7a6fd6f1b1b931ac7fc                                │
│ Gas Budget: 200000000 MIST                                                                                   │
│ Gas Price: 1000 MIST                                                                                         │
│ Gas Payment:                                                                                                 │
│  ┌──                                                                                                         │
│  │ ID: 0x30c11948e0eba99529c37e42d309064836bce76fa819e826b7d4532288d90707                                    │
│  │ Version: 403250311                                                                                        │
│  │ Digest: 7ohFZUwkz7AJ6AodwcMyYJQJFnuVwjTQqLuPXjQXm31K                                                      │
│  └──                                                                                                         │
│                                                                                                              │
│ Transaction Kind: Programmable                                                                               │
│ ╭──────────────────────────────────────────────────────────────────────────────────────────────────────────╮ │
│ │ Input Objects                                                                                            │ │
│ ├──────────────────────────────────────────────────────────────────────────────────────────────────────────┤ │
│ │ 0   Pure Arg: Type: address, Value: "0x7d87c83c2f71bb9388262c06f0eec7b57ee651bf1892a7a6fd6f1b1b931ac7fc" │ │
│ ╰──────────────────────────────────────────────────────────────────────────────────────────────────────────╯ │
│ ╭─────────────────────────────────────────────────────────────────────────╮                                  │
│ │ Commands                                                                │                                  │
│ ├─────────────────────────────────────────────────────────────────────────┤                                  │
│ │ 0  Publish:                                                             │                                  │
│ │  ┌                                                                      │                                  │
│ │  │ Dependencies:                                                        │                                  │
│ │  │   0x0000000000000000000000000000000000000000000000000000000000000001 │                                  │
│ │  │   0x0000000000000000000000000000000000000000000000000000000000000002 │                                  │
│ │  └                                                                      │                                  │
│ │                                                                         │                                  │
│ │ 1  TransferObjects:                                                     │                                  │
│ │  ┌                                                                      │                                  │
│ │  │ Arguments:                                                           │                                  │
│ │  │   Result 0                                                           │                                  │
│ │  │ Address: Input  0                                                    │                                  │
│ │  └                                                                      │                                  │
│ ╰─────────────────────────────────────────────────────────────────────────╯                                  │
│                                                                                                              │
│ Signatures:                                                                                                  │
│    LEZpcRogrzX3uuicnzfkBAbraK9+uqdu3q8c3t3mIR5kHpsbVL2fsgVYR2I7W+q9QD2tt2MJhth+NQZC1cCfCg==                  │
│                                                                                                              │
╰──────────────────────────────────────────────────────────────────────────────────────────────────────────────╯
╭───────────────────────────────────────────────────────────────────────────────────────────────────╮
│ Transaction Effects                                                                               │
├───────────────────────────────────────────────────────────────────────────────────────────────────┤
│ Digest: 776WLVrHp9cpcVnhRgYGkLPGq1FoeL2ZXiefy5m8qFnL                                              │
│ Status: Success                                                                                   │
│ Executed Epoch: 716                                                                               │
│                                                                                                   │
│ Created Objects:                                                                                  │
│  ┌──                                                                                              │
│  │ ID: 0x0a9b0d1cecfc11630a23271ab973a2b7f763c4c5767e48914b6832c4ff1951e4                         │
│  │ Owner: Immutable                                                                               │
│  │ Version: 403250312                                                                             │
│  │ Digest: ECagXMPTWFtohExjcEr2qA9dmFYGMonZ4fzeeJrt9JBA                                           │
│  └──                                                                                              │
│  ┌──                                                                                              │
│  │ ID: 0x13444172fcf34637d81d781fc8b4041d21e637d37c53e88913261e4b92403de9                         │
│  │ Owner: Account Address ( 0x7d87c83c2f71bb9388262c06f0eec7b57ee651bf1892a7a6fd6f1b1b931ac7fc )  │
│  │ Version: 403250312                                                                             │
│  │ Digest: AJn9WwNys6JCdZeDAWke6iB56LUE1tdM14r17bvTdyLn                                           │
│  └──                                                                                              │
│  ┌──                                                                                              │
│  │ ID: 0x8f716d56de4206576f1543f64fecbe566eaf93d35624b986b0753488ed3e323b                         │
│  │ Owner: Account Address ( 0x7d87c83c2f71bb9388262c06f0eec7b57ee651bf1892a7a6fd6f1b1b931ac7fc )  │
│  │ Version: 403250312                                                                             │
│  │ Digest: HH6Eooj5ZLxffujgWGJNpoAaW9CUc6SepFvSdPV3xsYA                                           │
│  └──                                                                                              │
│  ┌──                                                                                              │
│  │ ID: 0xcbc842eb9ab052ca43a54d8576ba0b5225f761312a2ef0b828720e46b366b08c                         │
│  │ Owner: Immutable                                                                               │
│  │ Version: 1                                                                                     │
│  │ Digest: FGCncLLVboMbpbWKBembbJd17CVc8Tz6MAduQdfXPXrQ                                           │
│  └──                                                                                              │
│  ┌──                                                                                              │
│  │ ID: 0xd347cf88fb1b658b1dc19f4006f4019de7e937906d96fb5907e331110e65f4aa                         │
│  │ Owner: Account Address ( 0x7d87c83c2f71bb9388262c06f0eec7b57ee651bf1892a7a6fd6f1b1b931ac7fc )  │
│  │ Version: 403250312                                                                             │
│  │ Digest: 7H6Pc4rmmAVTVogULXNMPXwhS3pLHi55wztzoW1eqYxE                                           │
│  └──                                                                                              │
│  ┌──                                                                                              │
│  │ ID: 0xdff5ba6bc703534e5a9f3e99ab35cb2005a9ea403003d21a4140bfd1c1a5eda4                         │
│  │ Owner: Immutable                                                                               │
│  │ Version: 403250312                                                                             │
│  │ Digest: CFywxhGqkm1emZgLF6b84Ccq9rfFk644tVLnES3sy61x                                           │
│  └──                                                                                              │
│ Mutated Objects:                                                                                  │
│  ┌──                                                                                              │
│  │ ID: 0x30c11948e0eba99529c37e42d309064836bce76fa819e826b7d4532288d90707                         │
│  │ Owner: Account Address ( 0x7d87c83c2f71bb9388262c06f0eec7b57ee651bf1892a7a6fd6f1b1b931ac7fc )  │
│  │ Version: 403250312                                                                             │
│  │ Digest: G5rCjEStj6f2znSRYwqbRYDj78qFiJR5zv6kvAxA8jAp                                           │
│  └──                                                                                              │
│ Gas Object:                                                                                       │
│  ┌──                                                                                              │
│  │ ID: 0x30c11948e0eba99529c37e42d309064836bce76fa819e826b7d4532288d90707                         │
│  │ Owner: Account Address ( 0x7d87c83c2f71bb9388262c06f0eec7b57ee651bf1892a7a6fd6f1b1b931ac7fc )  │
│  │ Version: 403250312                                                                             │
│  │ Digest: G5rCjEStj6f2znSRYwqbRYDj78qFiJR5zv6kvAxA8jAp                                           │
│  └──                                                                                              │
│ Gas Cost Summary:                                                                                 │
│    Storage Cost: 22199600 MIST                                                                    │
│    Computation Cost: 1000000 MIST                                                                 │
│    Storage Rebate: 978120 MIST                                                                    │
│    Non-refundable Storage Fee: 9880 MIST                                                          │
│                                                                                                   │
│ Transaction Dependencies:                                                                         │
│    2KKFDYfXCwBWaS1e3i4gLnjW1DsQoWqYQMb4SVBZFQR2                                                   │
│    CMS7tyeaaht3ZmWyE5evqveqKHvZBxje49XgwcFb983Y                                                   │
╰───────────────────────────────────────────────────────────────────────────────────────────────────╯
╭─────────────────────────────╮
│ No transaction block events │
╰─────────────────────────────╯

╭─────────────────────────────────────────────────────────────────────────────────────────────────────────────────────────────────╮
│ Object Changes                                                                                                                  │
├─────────────────────────────────────────────────────────────────────────────────────────────────────────────────────────────────┤
│ Created Objects:                                                                                                                │
│  ┌──                                                                                                                            │
│  │ ObjectID: 0x0a9b0d1cecfc11630a23271ab973a2b7f763c4c5767e48914b6832c4ff1951e4                                                 │
│  │ Sender: 0x7d87c83c2f71bb9388262c06f0eec7b57ee651bf1892a7a6fd6f1b1b931ac7fc                                                   │
│  │ Owner: Immutable                                                                                                             │
│  │ ObjectType: 0x2::coin::CoinMetadata<0xcbc842eb9ab052ca43a54d8576ba0b5225f761312a2ef0b828720e46b366b08c::test_sui::TEST_SUI>  │
│  │ Version: 403250312                                                                                                           │
│  │ Digest: ECagXMPTWFtohExjcEr2qA9dmFYGMonZ4fzeeJrt9JBA                                                                         │
│  └──                                                                                                                            │
│  ┌──                                                                                                                            │
│  │ ObjectID: 0x13444172fcf34637d81d781fc8b4041d21e637d37c53e88913261e4b92403de9                                                 │
│  │ Sender: 0x7d87c83c2f71bb9388262c06f0eec7b57ee651bf1892a7a6fd6f1b1b931ac7fc                                                   │
│  │ Owner: Account Address ( 0x7d87c83c2f71bb9388262c06f0eec7b57ee651bf1892a7a6fd6f1b1b931ac7fc )                                │
│  │ ObjectType: 0x2::package::UpgradeCap                                                                                         │
│  │ Version: 403250312                                                                                                           │
│  │ Digest: AJn9WwNys6JCdZeDAWke6iB56LUE1tdM14r17bvTdyLn                                                                         │
│  └──                                                                                                                            │
│  ┌──                                                                                                                            │
│  │ ObjectID: 0x8f716d56de4206576f1543f64fecbe566eaf93d35624b986b0753488ed3e323b                                                 │
│  │ Sender: 0x7d87c83c2f71bb9388262c06f0eec7b57ee651bf1892a7a6fd6f1b1b931ac7fc                                                   │
│  │ Owner: Account Address ( 0x7d87c83c2f71bb9388262c06f0eec7b57ee651bf1892a7a6fd6f1b1b931ac7fc )                                │
│  │ ObjectType: 0x2::coin::TreasuryCap<0xcbc842eb9ab052ca43a54d8576ba0b5225f761312a2ef0b828720e46b366b08c::test_sui::TEST_SUI>   │
│  │ Version: 403250312                                                                                                           │
│  │ Digest: HH6Eooj5ZLxffujgWGJNpoAaW9CUc6SepFvSdPV3xsYA                                                                         │
│  └──                                                                                                                            │
│  ┌──                                                                                                                            │
│  │ ObjectID: 0xd347cf88fb1b658b1dc19f4006f4019de7e937906d96fb5907e331110e65f4aa                                                 │
│  │ Sender: 0x7d87c83c2f71bb9388262c06f0eec7b57ee651bf1892a7a6fd6f1b1b931ac7fc                                                   │
│  │ Owner: Account Address ( 0x7d87c83c2f71bb9388262c06f0eec7b57ee651bf1892a7a6fd6f1b1b931ac7fc )                                │
│  │ ObjectType: 0x2::coin::TreasuryCap<0xcbc842eb9ab052ca43a54d8576ba0b5225f761312a2ef0b828720e46b366b08c::test_btc::TEST_BTC>   │
│  │ Version: 403250312                                                                                                           │
│  │ Digest: 7H6Pc4rmmAVTVogULXNMPXwhS3pLHi55wztzoW1eqYxE                                                                         │
│  └──                                                                                                                            │
│  ┌──                                                                                                                            │
│  │ ObjectID: 0xdff5ba6bc703534e5a9f3e99ab35cb2005a9ea403003d21a4140bfd1c1a5eda4                                                 │
│  │ Sender: 0x7d87c83c2f71bb9388262c06f0eec7b57ee651bf1892a7a6fd6f1b1b931ac7fc                                                   │
│  │ Owner: Immutable                                                                                                             │
│  │ ObjectType: 0x2::coin::CoinMetadata<0xcbc842eb9ab052ca43a54d8576ba0b5225f761312a2ef0b828720e46b366b08c::test_btc::TEST_BTC>  │
│  │ Version: 403250312                                                                                                           │
│  │ Digest: CFywxhGqkm1emZgLF6b84Ccq9rfFk644tVLnES3sy61x                                                                         │
│  └──                                                                                                                            │
│ Mutated Objects:                                                                                                                │
│  ┌──                                                                                                                            │
│  │ ObjectID: 0x30c11948e0eba99529c37e42d309064836bce76fa819e826b7d4532288d90707                                                 │
│  │ Sender: 0x7d87c83c2f71bb9388262c06f0eec7b57ee651bf1892a7a6fd6f1b1b931ac7fc                                                   │
│  │ Owner: Account Address ( 0x7d87c83c2f71bb9388262c06f0eec7b57ee651bf1892a7a6fd6f1b1b931ac7fc )                                │
│  │ ObjectType: 0x2::coin::Coin<0x2::sui::SUI>                                                                                   │
│  │ Version: 403250312                                                                                                           │
│  │ Digest: G5rCjEStj6f2znSRYwqbRYDj78qFiJR5zv6kvAxA8jAp                                                                         │
│  └──                                                                                                                            │
│ Published Objects:                                                                                                              │
│  ┌──                                                                                                                            │
│  │ PackageID: 0xcbc842eb9ab052ca43a54d8576ba0b5225f761312a2ef0b828720e46b366b08c                                                │
│  │ Version: 1                                                                                                                   │
│  │ Digest: FGCncLLVboMbpbWKBembbJd17CVc8Tz6MAduQdfXPXrQ                                                                         │
│  │ Modules: test_btc, test_sui                                                                                                  │
│  └──                                                                                                                            │
╰─────────────────────────────────────────────────────────────────────────────────────────────────────────────────────────────────╯
╭───────────────────────────────────────────────────────────────────────────────────────────────────╮
│ Balance Changes                                                                                   │
├───────────────────────────────────────────────────────────────────────────────────────────────────┤
│  ┌──                                                                                              │
│  │ Owner: Account Address ( 0x7d87c83c2f71bb9388262c06f0eec7b57ee651bf1892a7a6fd6f1b1b931ac7fc )  │
│  │ CoinType: 0x2::sui::SUI                                                                        │
│  │ Amount: -22221480                                                                              │
│  └──                                                                                              │
╰───────────────────────────────────────────────────────────────────────────────────────────────────╯
