[Note]: Dependency sources are no longer verified automatically during publication and upgrade. You can pass the `--verify-deps` option if you would like to verify them as part of publication or upgrade.
[note] Dependencies on Bridge, MoveStdlib, Sui, and SuiSystem are automatically added, but this feature is disabled for your package because you have explicitly included dependencies on Sui. Consider removing these dependencies from Move.toml.
UPDATING GIT DEPENDENCY https://github.com/MystenLabs/sui.git
INCLUDING DEPENDENCY hashcat_coin
INCLUDING DEPENDENCY Sui
INCLUDING DEPENDENCY MoveStdlib
BUILDING hashcat_fund
[0m[1m[38;5;11mwarning[W09001][0m[1m: unused alias[0m
  [0m[34m┌─[0m /Users/arui/Web3Projects/HashCAT/contracts/fund/sources/fund.move:2:29
  [0m[34m│[0m
[0m[34m2[0m [0m[34m│[0m     use sui::object::{Self, [0m[33mID[0m, UID};
  [0m[34m│[0m                             [0m[33m^^[0m [0m[33mUnused 'use' of alias 'ID'. Consider removing it[0m
  [0m[34m│[0m
  [0m[34m=[0m This warning can be suppressed with '#[allow(unused_use)]' applied to the 'module' or module member ('const', 'fun', or 'struct')

[0m[1m[38;5;11mwarning[W09001][0m[1m: unused alias[0m
  [0m[34m┌─[0m /Users/arui/Web3Projects/HashCAT/contracts/fund/sources/fund.move:8:34
  [0m[34m│[0m
[0m[34m8[0m [0m[34m│[0m     use hashcat_coin::test_btc::{[0m[33mSelf[0m, TEST_BTC};
  [0m[34m│[0m                                  [0m[33m^^^^[0m [0m[33mUnused 'use' of alias 'test_btc'. Consider removing it[0m
  [0m[34m│[0m
  [0m[34m=[0m This warning can be suppressed with '#[allow(unused_use)]' applied to the 'module' or module member ('const', 'fun', or 'struct')

[0m[1m[38;5;11mwarning[W09011][0m[1m: unused constant[0m
   [0m[34m┌─[0m /Users/arui/Web3Projects/HashCAT/contracts/fund/sources/fund.move:12:11
   [0m[34m│[0m
[0m[34m12[0m [0m[34m│[0m     const [0m[33mEUnauthorized[0m: u64 = 2;
   [0m[34m│[0m           [0m[33m^^^^^^^^^^^^^[0m [0m[33mThe constant 'EUnauthorized' is never used. Consider removing it.[0m
   [0m[34m│[0m
   [0m[34m=[0m This warning can be suppressed with '#[allow(unused_const)]' applied to the 'module' or module member ('const', 'fun', or 'struct')

[0m[1m[38;5;11mwarning[Lint W99001][0m[1m: non-composable transfer to sender[0m
    [0m[34m┌─[0m /Users/arui/Web3Projects/HashCAT/contracts/fund/sources/fund.move:116:9
    [0m[34m│[0m
[0m[34m 92[0m [0m[34m│[0m     public fun withdraw_insurance(
    [0m[34m│[0m                [0m[34m------------------[0m [0m[34mReturning an object from a function, allows a caller to use the object and enables composability via programmable transactions.[0m
    [0m[34m·[0m
[0m[34m116[0m [0m[34m│[0m         [0m[33mtransfer::public_transfer(coin, tx_context::sender(ctx))[0m;
    [0m[34m│[0m         [0m[33m^^^^^^^^^^^^^^^^^^^^^^^^^^^^^^^^^^^^^^^^^^^^^^^^^^^^^^^^[0m
    [0m[34m│[0m         [0m[33m│[0m                               [0m[34m│[0m
    [0m[34m│[0m         [0m[33m│[0m                               [0m[34mTransaction sender address coming from here[0m
    [0m[34m│[0m         [0m[33mTransfer of an object to transaction sender address[0m
    [0m[34m│[0m
    [0m[34m=[0m This warning can be suppressed with '#[allow(lint(self_transfer))]' applied to the 'module' or module member ('const', 'fun', or 'struct')

[0m[1m[38;5;11mwarning[Lint W99001][0m[1m: non-composable transfer to sender[0m
    [0m[34m┌─[0m /Users/arui/Web3Projects/HashCAT/contracts/fund/sources/fund.move:162:9
    [0m[34m│[0m
[0m[34m138[0m [0m[34m│[0m     public fun withdraw_bond(
    [0m[34m│[0m                [0m[34m-------------[0m [0m[34mReturning an object from a function, allows a caller to use the object and enables composability via programmable transactions.[0m
    [0m[34m·[0m
[0m[34m162[0m [0m[34m│[0m         [0m[33mtransfer::public_transfer(coin, tx_context::sender(ctx))[0m;
    [0m[34m│[0m         [0m[33m^^^^^^^^^^^^^^^^^^^^^^^^^^^^^^^^^^^^^^^^^^^^^^^^^^^^^^^^[0m
    [0m[34m│[0m         [0m[33m│[0m                               [0m[34m│[0m
    [0m[34m│[0m         [0m[33m│[0m                               [0m[34mTransaction sender address coming from here[0m
    [0m[34m│[0m         [0m[33mTransfer of an object to transaction sender address[0m
    [0m[34m│[0m
    [0m[34m=[0m This warning can be suppressed with '#[allow(lint(self_transfer))]' applied to the 'module' or module member ('const', 'fun', or 'struct')

Please report feedback on the linter warnings at https://forums.sui.io

Skipping dependency verification
Transaction Digest: H49MJnfqfeuWeyWqBsVX2avxGVm1WX6RfKZmsTw2a7EU
╭──────────────────────────────────────────────────────────────────────────────────────────────────────────────╮
│ Transaction Data                                                                                             │
├──────────────────────────────────────────────────────────────────────────────────────────────────────────────┤
│ Sender: 0x7d87c83c2f71bb9388262c06f0eec7b57ee651bf1892a7a6fd6f1b1b931ac7fc                                   │
│ Gas Owner: 0x7d87c83c2f71bb9388262c06f0eec7b57ee651bf1892a7a6fd6f1b1b931ac7fc                                │
│ Gas Budget: 200000000 MIST                                                                                   │
│ Gas Price: 1000 MIST                                                                                         │
│ Gas Payment:                                                                                                 │
│  ┌──                                                                                                         │
│  │ ID: 0x30c11948e0eba99529c37e42d309064836bce76fa819e826b7d4532288d90707                                    │
│  │ Version: 403250312                                                                                        │
│  │ Digest: G5rCjEStj6f2znSRYwqbRYDj78qFiJR5zv6kvAxA8jAp                                                      │
│  └──                                                                                                         │
│                                                                                                              │
│ Transaction Kind: Programmable                                                                               │
│ ╭──────────────────────────────────────────────────────────────────────────────────────────────────────────╮ │
│ │ Input Objects                                                                                            │ │
│ ├──────────────────────────────────────────────────────────────────────────────────────────────────────────┤ │
│ │ 0   Pure Arg: Type: address, Value: "0x7d87c83c2f71bb9388262c06f0eec7b57ee651bf1892a7a6fd6f1b1b931ac7fc" │ │
│ ╰──────────────────────────────────────────────────────────────────────────────────────────────────────────╯ │
│ ╭─────────────────────────────────────────────────────────────────────────╮                                  │
│ │ Commands                                                                │                                  │
│ ├─────────────────────────────────────────────────────────────────────────┤                                  │
│ │ 0  Publish:                                                             │                                  │
│ │  ┌                                                                      │                                  │
│ │  │ Dependencies:                                                        │                                  │
│ │  │   0x0000000000000000000000000000000000000000000000000000000000000001 │                                  │
│ │  │   0x0000000000000000000000000000000000000000000000000000000000000002 │                                  │
│ │  │   0xcbc842eb9ab052ca43a54d8576ba0b5225f761312a2ef0b828720e46b366b08c │                                  │
│ │  └                                                                      │                                  │
│ │                                                                         │                                  │
│ │ 1  TransferObjects:                                                     │                                  │
│ │  ┌                                                                      │                                  │
│ │  │ Arguments:                                                           │                                  │
│ │  │   Result 0                                                           │                                  │
│ │  │ Address: Input  0                                                    │                                  │
│ │  └                                                                      │                                  │
│ ╰─────────────────────────────────────────────────────────────────────────╯                                  │
│                                                                                                              │
│ Signatures:                                                                                                  │
│    rIPUefZTHv2CBHYszChF5uMfdRXlpYwmzIeg/gZHOO1bBhQq/q1OKTvB19cDMzupjhnm/tMXd+IOnL/PffW+AA==                  │
│                                                                                                              │
╰──────────────────────────────────────────────────────────────────────────────────────────────────────────────╯
╭───────────────────────────────────────────────────────────────────────────────────────────────────╮
│ Transaction Effects                                                                               │
├───────────────────────────────────────────────────────────────────────────────────────────────────┤
│ Digest: H49MJnfqfeuWeyWqBsVX2avxGVm1WX6RfKZmsTw2a7EU                                              │
│ Status: Success                                                                                   │
│ Executed Epoch: 716                                                                               │
│                                                                                                   │
│ Created Objects:                                                                                  │
│  ┌──                                                                                              │
│  │ ID: 0x235382bd33248e918e9ad6a5f172c82d8efffda780512426493e6e4ea6fe71b5                         │
│  │ Owner: Immutable                                                                               │
│  │ Version: 1                                                                                     │
│  │ Digest: 2uNnsCVFRGmifwaFuGdgPmAbTtfLmqhGGP9eM7NCXEZX                                           │
│  └──                                                                                              │
│  ┌──                                                                                              │
│  │ ID: 0x368f97213f4feea6085d19dac95097931bfab29541527dd2c053d18aa33a8b9b                         │
│  │ Owner: Account Address ( 0x7d87c83c2f71bb9388262c06f0eec7b57ee651bf1892a7a6fd6f1b1b931ac7fc )  │
│  │ Version: 403250313                                                                             │
│  │ Digest: H6K9vcj6U3KKUgEbtP59erroM1UPpHmGYaWy4LeYscjg                                           │
│  └──                                                                                              │
│  ┌──                                                                                              │
│  │ ID: 0x684cae4558bfdb978c36ae3bd8f277a6bed68721412b13b917d58216231a184b                         │
│  │ Owner: Account Address ( 0x7d87c83c2f71bb9388262c06f0eec7b57ee651bf1892a7a6fd6f1b1b931ac7fc )  │
│  │ Version: 403250313                                                                             │
│  │ Digest: 7j3wNEhuUeH8DwDpiu11v82SsVsDLhHgRQqXgfoTd5u1                                           │
│  └──                                                                                              │
│  ┌──                                                                                              │
│  │ ID: 0xdc18c977c6f4619e25cd9b3c26d126e166c5e4ccd1e2dd4f7916885053c313fa                         │
│  │ Owner: Shared( 403250313 )                                                                     │
│  │ Version: 403250313                                                                             │
│  │ Digest: AT7dvLRsP5t9QdDXxRikDSPyp7MdsAisTP5whWVv2vbh                                           │
│  └──                                                                                              │
│  ┌──                                                                                              │
│  │ ID: 0xe9631b0b7e779274109ba7c932f8b8d227e82faf7fa56e83b1e1110b36f19bf5                         │
│  │ Owner: Account Address ( 0x7d87c83c2f71bb9388262c06f0eec7b57ee651bf1892a7a6fd6f1b1b931ac7fc )  │
│  │ Version: 403250313                                                                             │
│  │ Digest: GuhXt5pZbUNbPWmCUkVEsuZEnZJgQjvusePPivBHWCC2                                           │
│  └──                                                                                              │
│ Mutated Objects:                                                                                  │
│  ┌──                                                                                              │
│  │ ID: 0x30c11948e0eba99529c37e42d309064836bce76fa819e826b7d4532288d90707                         │
│  │ Owner: Account Address ( 0x7d87c83c2f71bb9388262c06f0eec7b57ee651bf1892a7a6fd6f1b1b931ac7fc )  │
│  │ Version: 403250313                                                                             │
│  │ Digest: 6e3pRjopZ8z5d4M8VuDdevxBcGvZJtCRzykiW6LLeqCW                                           │
│  └──                                                                                              │
│ Gas Object:                                                                                       │
│  ┌──                                                                                              │
│  │ ID: 0x30c11948e0eba99529c37e42d309064836bce76fa819e826b7d4532288d90707                         │
│  │ Owner: Account Address ( 0x7d87c83c2f71bb9388262c06f0eec7b57ee651bf1892a7a6fd6f1b1b931ac7fc )  │
│  │ Version: 403250313                                                                             │
│  │ Digest: 6e3pRjopZ8z5d4M8VuDdevxBcGvZJtCRzykiW6LLeqCW                                           │
│  └──                                                                                              │
│ Gas Cost Summary:                                                                                 │
│    Storage Cost: 21781600 MIST                                                                    │
│    Computation Cost: 1000000 MIST                                                                 │
│    Storage Rebate: 978120 MIST                                                                    │
│    Non-refundable Storage Fee: 9880 MIST                                                          │
│                                                                                                   │
│ Transaction Dependencies:                                                                         │
│    2KKFDYfXCwBWaS1e3i4gLnjW1DsQoWqYQMb4SVBZFQR2                                                   │
│    776WLVrHp9cpcVnhRgYGkLPGq1FoeL2ZXiefy5m8qFnL                                                   │
╰───────────────────────────────────────────────────────────────────────────────────────────────────╯
╭─────────────────────────────╮
│ No transaction block events │
╰─────────────────────────────╯

╭───────────────────────────────────────────────────────────────────────────────────────────────────────────────╮
│ Object Changes                                                                                                │
├───────────────────────────────────────────────────────────────────────────────────────────────────────────────┤
│ Created Objects:                                                                                              │
│  ┌──                                                                                                          │
│  │ ObjectID: 0x368f97213f4feea6085d19dac95097931bfab29541527dd2c053d18aa33a8b9b                               │
│  │ Sender: 0x7d87c83c2f71bb9388262c06f0eec7b57ee651bf1892a7a6fd6f1b1b931ac7fc                                 │
│  │ Owner: Account Address ( 0x7d87c83c2f71bb9388262c06f0eec7b57ee651bf1892a7a6fd6f1b1b931ac7fc )              │
│  │ ObjectType: 0x235382bd33248e918e9ad6a5f172c82d8efffda780512426493e6e4ea6fe71b5::fund::BondCapability       │
│  │ Version: 403250313                                                                                         │
│  │ Digest: H6K9vcj6U3KKUgEbtP59erroM1UPpHmGYaWy4LeYscjg                                                       │
│  └──                                                                                                          │
│  ┌──                                                                                                          │
│  │ ObjectID: 0x684cae4558bfdb978c36ae3bd8f277a6bed68721412b13b917d58216231a184b                               │
│  │ Sender: 0x7d87c83c2f71bb9388262c06f0eec7b57ee651bf1892a7a6fd6f1b1b931ac7fc                                 │
│  │ Owner: Account Address ( 0x7d87c83c2f71bb9388262c06f0eec7b57ee651bf1892a7a6fd6f1b1b931ac7fc )              │
│  │ ObjectType: 0x2::package::UpgradeCap                                                                       │
│  │ Version: 403250313                                                                                         │
│  │ Digest: 7j3wNEhuUeH8DwDpiu11v82SsVsDLhHgRQqXgfoTd5u1                                                       │
│  └──                                                                                                          │
│  ┌──                                                                                                          │
│  │ ObjectID: 0xdc18c977c6f4619e25cd9b3c26d126e166c5e4ccd1e2dd4f7916885053c313fa                               │
│  │ Sender: 0x7d87c83c2f71bb9388262c06f0eec7b57ee651bf1892a7a6fd6f1b1b931ac7fc                                 │
│  │ Owner: Shared( 403250313 )                                                                                 │
│  │ ObjectType: 0x235382bd33248e918e9ad6a5f172c82d8efffda780512426493e6e4ea6fe71b5::fund::FinancePool          │
│  │ Version: 403250313                                                                                         │
│  │ Digest: AT7dvLRsP5t9QdDXxRikDSPyp7MdsAisTP5whWVv2vbh                                                       │
│  └──                                                                                                          │
│  ┌──                                                                                                          │
│  │ ObjectID: 0xe9631b0b7e779274109ba7c932f8b8d227e82faf7fa56e83b1e1110b36f19bf5                               │
│  │ Sender: 0x7d87c83c2f71bb9388262c06f0eec7b57ee651bf1892a7a6fd6f1b1b931ac7fc                                 │
│  │ Owner: Account Address ( 0x7d87c83c2f71bb9388262c06f0eec7b57ee651bf1892a7a6fd6f1b1b931ac7fc )              │
│  │ ObjectType: 0x235382bd33248e918e9ad6a5f172c82d8efffda780512426493e6e4ea6fe71b5::fund::InsuranceCapability  │
│  │ Version: 403250313                                                                                         │
│  │ Digest: GuhXt5pZbUNbPWmCUkVEsuZEnZJgQjvusePPivBHWCC2                                                       │
│  └──                                                                                                          │
│ Mutated Objects:                                                                                              │
│  ┌──                                                                                                          │
│  │ ObjectID: 0x30c11948e0eba99529c37e42d309064836bce76fa819e826b7d4532288d90707                               │
│  │ Sender: 0x7d87c83c2f71bb9388262c06f0eec7b57ee651bf1892a7a6fd6f1b1b931ac7fc                                 │
│  │ Owner: Account Address ( 0x7d87c83c2f71bb9388262c06f0eec7b57ee651bf1892a7a6fd6f1b1b931ac7fc )              │
│  │ ObjectType: 0x2::coin::Coin<0x2::sui::SUI>                                                                 │
│  │ Version: 403250313                                                                                         │
│  │ Digest: 6e3pRjopZ8z5d4M8VuDdevxBcGvZJtCRzykiW6LLeqCW                                                       │
│  └──                                                                                                          │
│ Published Objects:                                                                                            │
│  ┌──                                                                                                          │
│  │ PackageID: 0x235382bd33248e918e9ad6a5f172c82d8efffda780512426493e6e4ea6fe71b5                              │
│  │ Version: 1                                                                                                 │
│  │ Digest: 2uNnsCVFRGmifwaFuGdgPmAbTtfLmqhGGP9eM7NCXEZX                                                       │
│  │ Modules: fund                                                                                              │
│  └──                                                                                                          │
╰───────────────────────────────────────────────────────────────────────────────────────────────────────────────╯
╭───────────────────────────────────────────────────────────────────────────────────────────────────╮
│ Balance Changes                                                                                   │
├───────────────────────────────────────────────────────────────────────────────────────────────────┤
│  ┌──                                                                                              │
│  │ Owner: Account Address ( 0x7d87c83c2f71bb9388262c06f0eec7b57ee651bf1892a7a6fd6f1b1b931ac7fc )  │
│  │ CoinType: 0x2::sui::SUI                                                                        │
│  │ Amount: -21803480                                                                              │
│  └──                                                                                              │
╰───────────────────────────────────────────────────────────────────────────────────────────────────╯
