[Note]: Dependency sources are no longer verified automatically during publication and upgrade. You can pass the `--verify-deps` option if you would like to verify them as part of publication or upgrade.
[note] Dependencies on Bridge, MoveStdlib, Sui, and SuiSystem are automatically added, but this feature is disabled for your package because you have explicitly included dependencies on Sui. Consider removing these dependencies from Move.toml.
UPDATING GIT DEPENDENCY https://github.com/MystenLabs/sui.git
INCLUDING DEPENDENCY hashcat_fund
INCLUDING DEPENDENCY hashcat_coin
INCLUDING DEPENDENCY Sui
INCLUDING DEPENDENCY MoveStdlib
BUILDING hashcat_insurance
[0m[1m[38;5;11mwarning[W09002][0m[1m: unused variable[0m
   [0m[34m┌─[0m /Users/arui/Web3Projects/HashCAT/contracts/insurance/sources/insurance_nft.move:32:14
   [0m[34m│[0m
[0m[34m32[0m [0m[34m│[0m     fun init([0m[33mctx[0m: &mut TxContext) {
   [0m[34m│[0m              [0m[33m^^^[0m [0m[33mUnused parameter 'ctx'. Consider removing or prefixing with an underscore: '_ctx'[0m
   [0m[34m│[0m
   [0m[34m=[0m This warning can be suppressed with '#[allow(unused_variable)]' applied to the 'module' or module member ('const', 'fun', or 'struct')

[0m[1m[38;5;11mwarning[W09014][0m[1m: unused mutable reference '&mut' parameter[0m
   [0m[34m┌─[0m /Users/arui/Web3Projects/HashCAT/contracts/insurance/sources/insurance_nft.move:32:19
   [0m[34m│[0m
[0m[34m32[0m [0m[34m│[0m     fun init(ctx: [0m[33m&mut TxContext[0m) {
   [0m[34m│[0m              [0m[34m---[0m  [0m[33m^^^^^^^^^^^^^^[0m [0m[33mMutable reference is never used mutably, consider switching to an immutable reference '&' instead[0m
   [0m[34m│[0m              [0m[34m│[0m     
   [0m[34m│[0m              [0m[34mFor parameters, this can be silenced by prefixing the name with an underscore, e.g. '_ctx'[0m
   [0m[34m│[0m
   [0m[34m=[0m This warning can be suppressed with '#[allow(unused_mut_parameter)]' applied to the 'module' or module member ('const', 'fun', or 'struct')

[0m[1m[38;5;11mwarning[W09001][0m[1m: unused alias[0m
  [0m[34m┌─[0m /Users/arui/Web3Projects/HashCAT/contracts/insurance/sources/insurance.move:8:24
  [0m[34m│[0m
[0m[34m8[0m [0m[34m│[0m     use sui::balance::{[0m[33mSelf[0m, Balance};
  [0m[34m│[0m                        [0m[33m^^^^[0m [0m[33mUnused 'use' of alias 'balance'. Consider removing it[0m
  [0m[34m│[0m
  [0m[34m=[0m This warning can be suppressed with '#[allow(unused_use)]' applied to the 'module' or module member ('const', 'fun', or 'struct')

[0m[1m[38;5;11mwarning[W09001][0m[1m: unused alias[0m
  [0m[34m┌─[0m /Users/arui/Web3Projects/HashCAT/contracts/insurance/sources/insurance.move:8:30
  [0m[34m│[0m
[0m[34m8[0m [0m[34m│[0m     use sui::balance::{Self, [0m[33mBalance[0m};
  [0m[34m│[0m                              [0m[33m^^^^^^^[0m [0m[33mUnused 'use' of alias 'Balance'. Consider removing it[0m
  [0m[34m│[0m
  [0m[34m=[0m This warning can be suppressed with '#[allow(unused_use)]' applied to the 'module' or module member ('const', 'fun', or 'struct')

[0m[1m[38;5;11mwarning[W09001][0m[1m: unused alias[0m
   [0m[34m┌─[0m /Users/arui/Web3Projects/HashCAT/contracts/insurance/sources/insurance.move:11:23
   [0m[34m│[0m
[0m[34m11[0m [0m[34m│[0m     use std::string::{[0m[33mSelf[0m, String};
   [0m[34m│[0m                       [0m[33m^^^^[0m [0m[33mUnused 'use' of alias 'string'. Consider removing it[0m
   [0m[34m│[0m
   [0m[34m=[0m This warning can be suppressed with '#[allow(unused_use)]' applied to the 'module' or module member ('const', 'fun', or 'struct')

[0m[1m[38;5;11mwarning[W09001][0m[1m: unused alias[0m
   [0m[34m┌─[0m /Users/arui/Web3Projects/HashCAT/contracts/insurance/sources/insurance.move:11:29
   [0m[34m│[0m
[0m[34m11[0m [0m[34m│[0m     use std::string::{Self, [0m[33mString[0m};
   [0m[34m│[0m                             [0m[33m^^^^^^[0m [0m[33mUnused 'use' of alias 'String'. Consider removing it[0m
   [0m[34m│[0m
   [0m[34m=[0m This warning can be suppressed with '#[allow(unused_use)]' applied to the 'module' or module member ('const', 'fun', or 'struct')

[0m[1m[38;5;11mwarning[W09001][0m[1m: unused alias[0m
   [0m[34m┌─[0m /Users/arui/Web3Projects/HashCAT/contracts/insurance/sources/insurance.move:17:34
   [0m[34m│[0m
[0m[34m17[0m [0m[34m│[0m     use hashcat_coin::test_btc::{[0m[33mSelf[0m, TEST_BTC};
   [0m[34m│[0m                                  [0m[33m^^^^[0m [0m[33mUnused 'use' of alias 'test_btc'. Consider removing it[0m
   [0m[34m│[0m
   [0m[34m=[0m This warning can be suppressed with '#[allow(unused_use)]' applied to the 'module' or module member ('const', 'fun', or 'struct')

[0m[1m[38;5;11mwarning[W09011][0m[1m: unused constant[0m
   [0m[34m┌─[0m /Users/arui/Web3Projects/HashCAT/contracts/insurance/sources/insurance.move:28:11
   [0m[34m│[0m
[0m[34m28[0m [0m[34m│[0m     const [0m[33mEInsuranceNotExpired[0m: u64 = 6;
   [0m[34m│[0m           [0m[33m^^^^^^^^^^^^^^^^^^^^[0m [0m[33mThe constant 'EInsuranceNotExpired' is never used. Consider removing it.[0m
   [0m[34m│[0m
   [0m[34m=[0m This warning can be suppressed with '#[allow(unused_const)]' applied to the 'module' or module member ('const', 'fun', or 'struct')

Skipping dependency verification
Transaction Digest: CA51ZWcexQN5ozW5mhzKA5DLqh8Yaz3Hr9YwCA6Tpn7R
╭──────────────────────────────────────────────────────────────────────────────────────────────────────────────╮
│ Transaction Data                                                                                             │
├──────────────────────────────────────────────────────────────────────────────────────────────────────────────┤
│ Sender: 0x7d87c83c2f71bb9388262c06f0eec7b57ee651bf1892a7a6fd6f1b1b931ac7fc                                   │
│ Gas Owner: 0x7d87c83c2f71bb9388262c06f0eec7b57ee651bf1892a7a6fd6f1b1b931ac7fc                                │
│ Gas Budget: 200000000 MIST                                                                                   │
│ Gas Price: 1000 MIST                                                                                         │
│ Gas Payment:                                                                                                 │
│  ┌──                                                                                                         │
│  │ ID: 0x30c11948e0eba99529c37e42d309064836bce76fa819e826b7d4532288d90707                                    │
│  │ Version: 403250313                                                                                        │
│  │ Digest: 6e3pRjopZ8z5d4M8VuDdevxBcGvZJtCRzykiW6LLeqCW                                                      │
│  └──                                                                                                         │
│                                                                                                              │
│ Transaction Kind: Programmable                                                                               │
│ ╭──────────────────────────────────────────────────────────────────────────────────────────────────────────╮ │
│ │ Input Objects                                                                                            │ │
│ ├──────────────────────────────────────────────────────────────────────────────────────────────────────────┤ │
│ │ 0   Pure Arg: Type: address, Value: "0x7d87c83c2f71bb9388262c06f0eec7b57ee651bf1892a7a6fd6f1b1b931ac7fc" │ │
│ ╰──────────────────────────────────────────────────────────────────────────────────────────────────────────╯ │
│ ╭─────────────────────────────────────────────────────────────────────────╮                                  │
│ │ Commands                                                                │                                  │
│ ├─────────────────────────────────────────────────────────────────────────┤                                  │
│ │ 0  Publish:                                                             │                                  │
│ │  ┌                                                                      │                                  │
│ │  │ Dependencies:                                                        │                                  │
│ │  │   0x0000000000000000000000000000000000000000000000000000000000000001 │                                  │
│ │  │   0x0000000000000000000000000000000000000000000000000000000000000002 │                                  │
│ │  │   0xcbc842eb9ab052ca43a54d8576ba0b5225f761312a2ef0b828720e46b366b08c │                                  │
│ │  │   0x235382bd33248e918e9ad6a5f172c82d8efffda780512426493e6e4ea6fe71b5 │                                  │
│ │  └                                                                      │                                  │
│ │                                                                         │                                  │
│ │ 1  TransferObjects:                                                     │                                  │
│ │  ┌                                                                      │                                  │
│ │  │ Arguments:                                                           │                                  │
│ │  │   Result 0                                                           │                                  │
│ │  │ Address: Input  0                                                    │                                  │
│ │  └                                                                      │                                  │
│ ╰─────────────────────────────────────────────────────────────────────────╯                                  │
│                                                                                                              │
│ Signatures:                                                                                                  │
│    KR8iGn6oY9YnDz3YqiOPCAXTJGZU1RDXZvKC0s7OWcRl2R92G2BiPAiRHB1zKgWDGtK1D8URnKPOBvpvfOgCAQ==                  │
│                                                                                                              │
╰──────────────────────────────────────────────────────────────────────────────────────────────────────────────╯
╭───────────────────────────────────────────────────────────────────────────────────────────────────╮
│ Transaction Effects                                                                               │
├───────────────────────────────────────────────────────────────────────────────────────────────────┤
│ Digest: CA51ZWcexQN5ozW5mhzKA5DLqh8Yaz3Hr9YwCA6Tpn7R                                              │
│ Status: Success                                                                                   │
│ Executed Epoch: 716                                                                               │
│                                                                                                   │
│ Created Objects:                                                                                  │
│  ┌──                                                                                              │
│  │ ID: 0x16a5e2231d88020b36a4deadde572fbc541a0d5f025d3143744e044772a99a59                         │
│  │ Owner: Account Address ( 0x7d87c83c2f71bb9388262c06f0eec7b57ee651bf1892a7a6fd6f1b1b931ac7fc )  │
│  │ Version: 403250314                                                                             │
│  │ Digest: CATxoGKKt9XiDAGGFi6KfuwYSm6Y9FUJiCpdfz1pVbmi                                           │
│  └──                                                                                              │
│  ┌──                                                                                              │
│  │ ID: 0xb979d81fbfcdfcbb4d00b530209fcb180dcf7b4ecdbdd9926c1a9bef4bda9904                         │
│  │ Owner: Immutable                                                                               │
│  │ Version: 1                                                                                     │
│  │ Digest: 53aUJGXhgzX2SSgEhSxKwoFNZphzoipBygJhEH9Fd2dx                                           │
│  └──                                                                                              │
│  ┌──                                                                                              │
│  │ ID: 0xe54a873e3359e06dacd5de12d0a691a6f2c077bb11b2463f310d9b47c91f03be                         │
│  │ Owner: Shared( 403250314 )                                                                     │
│  │ Version: 403250314                                                                             │
│  │ Digest: APBfjPzU5Mtc2imWPcnxgSbSNkdTjaFS99qPaU3YbxRp                                           │
│  └──                                                                                              │
│ Mutated Objects:                                                                                  │
│  ┌──                                                                                              │
│  │ ID: 0x30c11948e0eba99529c37e42d309064836bce76fa819e826b7d4532288d90707                         │
│  │ Owner: Account Address ( 0x7d87c83c2f71bb9388262c06f0eec7b57ee651bf1892a7a6fd6f1b1b931ac7fc )  │
│  │ Version: 403250314                                                                             │
│  │ Digest: 3A7pXwNQPH2w7LwAMDJKbnChCRHNMjShY766vZXF6y9X                                           │
│  └──                                                                                              │
│ Gas Object:                                                                                       │
│  ┌──                                                                                              │
│  │ ID: 0x30c11948e0eba99529c37e42d309064836bce76fa819e826b7d4532288d90707                         │
│  │ Owner: Account Address ( 0x7d87c83c2f71bb9388262c06f0eec7b57ee651bf1892a7a6fd6f1b1b931ac7fc )  │
│  │ Version: 403250314                                                                             │
│  │ Digest: 3A7pXwNQPH2w7LwAMDJKbnChCRHNMjShY766vZXF6y9X                                           │
│  └──                                                                                              │
│ Gas Cost Summary:                                                                                 │
│    Storage Cost: 34359600 MIST                                                                    │
│    Computation Cost: 1000000 MIST                                                                 │
│    Storage Rebate: 978120 MIST                                                                    │
│    Non-refundable Storage Fee: 9880 MIST                                                          │
│                                                                                                   │
│ Transaction Dependencies:                                                                         │
│    2KKFDYfXCwBWaS1e3i4gLnjW1DsQoWqYQMb4SVBZFQR2                                                   │
│    776WLVrHp9cpcVnhRgYGkLPGq1FoeL2ZXiefy5m8qFnL                                                   │
│    H49MJnfqfeuWeyWqBsVX2avxGVm1WX6RfKZmsTw2a7EU                                                   │
╰───────────────────────────────────────────────────────────────────────────────────────────────────╯
╭─────────────────────────────╮
│ No transaction block events │
╰─────────────────────────────╯

╭──────────────────────────────────────────────────────────────────────────────────────────────────────────────╮
│ Object Changes                                                                                               │
├──────────────────────────────────────────────────────────────────────────────────────────────────────────────┤
│ Created Objects:                                                                                             │
│  ┌──                                                                                                         │
│  │ ObjectID: 0x16a5e2231d88020b36a4deadde572fbc541a0d5f025d3143744e044772a99a59                              │
│  │ Sender: 0x7d87c83c2f71bb9388262c06f0eec7b57ee651bf1892a7a6fd6f1b1b931ac7fc                                │
│  │ Owner: Account Address ( 0x7d87c83c2f71bb9388262c06f0eec7b57ee651bf1892a7a6fd6f1b1b931ac7fc )             │
│  │ ObjectType: 0x2::package::UpgradeCap                                                                      │
│  │ Version: 403250314                                                                                        │
│  │ Digest: CATxoGKKt9XiDAGGFi6KfuwYSm6Y9FUJiCpdfz1pVbmi                                                      │
│  └──                                                                                                         │
│  ┌──                                                                                                         │
│  │ ObjectID: 0xe54a873e3359e06dacd5de12d0a691a6f2c077bb11b2463f310d9b47c91f03be                              │
│  │ Sender: 0x7d87c83c2f71bb9388262c06f0eec7b57ee651bf1892a7a6fd6f1b1b931ac7fc                                │
│  │ Owner: Shared( 403250314 )                                                                                │
│  │ ObjectType: 0xb979d81fbfcdfcbb4d00b530209fcb180dcf7b4ecdbdd9926c1a9bef4bda9904::insurance::PolicyManager  │
│  │ Version: 403250314                                                                                        │
│  │ Digest: APBfjPzU5Mtc2imWPcnxgSbSNkdTjaFS99qPaU3YbxRp                                                      │
│  └──                                                                                                         │
│ Mutated Objects:                                                                                             │
│  ┌──                                                                                                         │
│  │ ObjectID: 0x30c11948e0eba99529c37e42d309064836bce76fa819e826b7d4532288d90707                              │
│  │ Sender: 0x7d87c83c2f71bb9388262c06f0eec7b57ee651bf1892a7a6fd6f1b1b931ac7fc                                │
│  │ Owner: Account Address ( 0x7d87c83c2f71bb9388262c06f0eec7b57ee651bf1892a7a6fd6f1b1b931ac7fc )             │
│  │ ObjectType: 0x2::coin::Coin<0x2::sui::SUI>                                                                │
│  │ Version: 403250314                                                                                        │
│  │ Digest: 3A7pXwNQPH2w7LwAMDJKbnChCRHNMjShY766vZXF6y9X                                                      │
│  └──                                                                                                         │
│ Published Objects:                                                                                           │
│  ┌──                                                                                                         │
│  │ PackageID: 0xb979d81fbfcdfcbb4d00b530209fcb180dcf7b4ecdbdd9926c1a9bef4bda9904                             │
│  │ Version: 1                                                                                                │
│  │ Digest: 53aUJGXhgzX2SSgEhSxKwoFNZphzoipBygJhEH9Fd2dx                                                      │
│  │ Modules: insurance, insurance_nft                                                                         │
│  └──                                                                                                         │
╰──────────────────────────────────────────────────────────────────────────────────────────────────────────────╯
╭───────────────────────────────────────────────────────────────────────────────────────────────────╮
│ Balance Changes                                                                                   │
├───────────────────────────────────────────────────────────────────────────────────────────────────┤
│  ┌──                                                                                              │
│  │ Owner: Account Address ( 0x7d87c83c2f71bb9388262c06f0eec7b57ee651bf1892a7a6fd6f1b1b931ac7fc )  │
│  │ CoinType: 0x2::sui::SUI                                                                        │
│  │ Amount: -34381480                                                                              │
│  └──                                                                                              │
╰───────────────────────────────────────────────────────────────────────────────────────────────────╯
